<?xml version="1.0" encoding="UTF-8"?>
<!-- Generated by org.testng.reporters.JUnitXMLReporter -->
<testsuite hostname="skumar" ignored="2" name="Test" tests="3" failures="0" timestamp="04 Aug 2021 16:09:41 GMT" time="30.023" errors="0">
  <testcase name="@BeforeMethod setUp" time="4.311" classname="com.orangehrm_hybridframework.testBase.TestBase">
    <failure type="java.lang.NullPointerException">
      <![CDATA[java.lang.NullPointerException
at com.orangehrm_hybridframework.testBase.TestBase.setUp(TestBase.java:51)
... Removed 28 stack frames]]>
    </failure>
  </testcase> <!-- @BeforeMethod setUp -->
  <testcase name="@AfterMethod tearDown" time="0.0" classname="com.orangehrm_hybridframework.testBase.TestBase">
    <skipped/>
  </testcase> <!-- @AfterMethod tearDown -->
  <testcase name="@BeforeMethod setUp" time="2.385" classname="com.orangehrm_hybridframework.testBase.TestBase">
    <failure type="java.lang.NullPointerException">
      <![CDATA[java.lang.NullPointerException
at com.orangehrm_hybridframework.testBase.TestBase.setUp(TestBase.java:51)
... Removed 28 stack frames]]>
    </failure>
  </testcase> <!-- @BeforeMethod setUp -->
  <testcase name="@AfterMethod tearDown" time="0.0" classname="com.orangehrm_hybridframework.testBase.TestBase">
    <skipped/>
  </testcase> <!-- @AfterMethod tearDown -->
  <testcase name="loginTC002" time="6.184" classname="com.orangehrm_hybridframework.testCases.Login_TC002"/>
  <testcase name="loginTC_001" time="0.0" classname="com.orangehrm_hybridframework.testCases.Login_TC001">
    <skipped/>
  </testcase> <!-- loginTC_001 -->
  <testcase name="loginTC_001" time="0.0" classname="com.orangehrm_hybridframework.testCases.Login_TC01">
    <skipped/>
  </testcase> <!-- loginTC_001 -->
  <testcase name="@BeforeSuite init" time="0.0" classname="com.orangehrm_hybridframework.testBase.TestBase">
    <ignored/>
  </testcase> <!-- @BeforeSuite init -->
  <testcase name="@BeforeSuite init" time="0.0" classname="com.orangehrm_hybridframework.testBase.TestBase">
    <ignored/>
  </testcase> <!-- @BeforeSuite init -->
</testsuite> <!-- Test -->
