<?xml version="1.0" encoding="UTF-8"?>
<testng-results skipped="0" failed="0" ignored="0" total="1" passed="1">
  <reporter-output>
  </reporter-output>
  <suite name="Default suite" duration-ms="19281" started-at="2021-08-04T16:15:18Z" finished-at="2021-08-04T16:15:37Z">
    <groups>
    </groups>
    <test name="Default test" duration-ms="19281" started-at="2021-08-04T16:15:18Z" finished-at="2021-08-04T16:15:37Z">
      <class name="com.orangehrm_hybridframework.testCases.Login_TC002">
        <test-method status="PASS" signature="init()[pri:0, instance:com.orangehrm_hybridframework.testCases.Login_TC002@6e0dec4a]" name="init" is-config="true" duration-ms="2137" started-at="2021-08-04T16:15:15Z" finished-at="2021-08-04T16:15:18Z">
          <reporter-output>
          </reporter-output>
        </test-method> <!-- init -->
        <test-method status="PASS" signature="setUp(java.lang.String)[pri:0, instance:com.orangehrm_hybridframework.testCases.Login_TC002@6e0dec4a]" name="setUp" is-config="true" duration-ms="12621" started-at="2021-08-04T16:15:18Z" finished-at="2021-08-04T16:15:30Z">
          <params>
            <param index="0">
              <value>
                <![CDATA[Chrome]]>
              </value>
            </param>
          </params>
          <reporter-output>
          </reporter-output>
        </test-method> <!-- setUp -->
        <test-method status="PASS" signature="loginTC002(java.lang.String, java.lang.String)[pri:0, instance:com.orangehrm_hybridframework.testCases.Login_TC002@6e0dec4a]" name="loginTC002" duration-ms="5521" started-at="2021-08-04T16:15:30Z" data-provider="getData" finished-at="2021-08-04T16:15:36Z">
          <params>
            <param index="0">
              <value>
                <![CDATA[Admin]]>
              </value>
            </param>
            <param index="1">
              <value>
                <![CDATA[admin123]]>
              </value>
            </param>
          </params>
          <reporter-output>
          </reporter-output>
        </test-method> <!-- loginTC002 -->
        <test-method status="PASS" signature="tearDown()[pri:0, instance:com.orangehrm_hybridframework.testCases.Login_TC002@6e0dec4a]" name="tearDown" is-config="true" duration-ms="1012" started-at="2021-08-04T16:15:36Z" finished-at="2021-08-04T16:15:37Z">
          <reporter-output>
          </reporter-output>
        </test-method> <!-- tearDown -->
      </class> <!-- com.orangehrm_hybridframework.testCases.Login_TC002 -->
    </test> <!-- Default test -->
  </suite> <!-- Default suite -->
</testng-results>
